This file contains any messages produced by compilers while
running configure, to aid debugging if configure makes a mistake.

It was created by libgpg-error configure 1.12, which was
generated by GNU Autoconf 2.69.  Invocation command line was

  $ ./configure --disable-shared --enable-static --with-pic --host i386-apple-darwin --prefix=/Users/nullpointer/code/OTRKit/build/built/iPhoneSimulator7.0-i386.sdk --with-sysroot=/Applications/Xcode.app/Contents/Developer/Platforms/iPhoneSimulator.platform/Developer/SDKs/iPhoneSimulator7.0.sdk LDFLAGS= -flto -arch i386 -fPIE -miphoneos-version-min=6.0 -L/Users/nullpointer/code/OTRKit/dependencies/lib CFLAGS= -Ofast -flto -g -arch i386 -fPIE -miphoneos-version-min=6.0 -I/Users/nullpointer/code/OTRKit/dependencies/include -isysroot /Applications/Xcode.app/Contents/Developer/Platforms/iPhoneSimulator.platform/Developer/SDKs/iPhoneSimulator7.0.sdk

## --------- ##
## Platform. ##
## --------- ##

hostname = nullpointer
uname -m = x86_64
uname -r = 13.1.0
uname -s = Darwin
uname -v = Darwin Kernel Version 13.1.0: Thu Jan 16 19:40:37 PST 2014; root:xnu-2422.90.20~2/RELEASE_X86_64

/usr/bin/uname -p = i386
/bin/uname -X     = unknown

/bin/arch              = unknown
/usr/bin/arch -k       = unknown
/usr/convex/getsysinfo = unknown
/usr/bin/hostinfo      = Mach kernel version:
	 Darwin Kernel Version 13.1.0: Thu Jan 16 19:40:37 PST 2014; root:xnu-2422.90.20~2/RELEASE_X86_64
Kernel configured for up to 4 processors.
2 processors are physically available.
4 processors are logically available.
Processor type: i486 (Intel 80486)
Processors active: 0 1 2 3
Primary memory available: 4.00 gigabytes
Default processor set: 188 tasks, 935 threads, 4 processors
Load average: 3.59, Mach factor: 1.91
/bin/machine           = unknown
/usr/bin/oslevel       = unknown
/bin/universe          = unknown

PATH: /usr/local/bin
PATH: /usr/bin
PATH: /bin
PATH: /usr/sbin
PATH: /sbin
PATH: /usr/local/bin


## ----------- ##
## Core tests. ##
## ----------- ##

configure:2368: checking for a BSD-compatible install
configure:2436: result: /usr/bin/install -c
configure:2447: checking whether build environment is sane
configure:2497: result: yes
configure:2546: checking for i386-apple-darwin-strip
configure:2576: result: no
configure:2586: checking for strip
configure:2602: found /usr/bin/strip
configure:2613: result: strip
configure:2638: checking for a thread-safe mkdir -p
configure:2677: result: ./install-sh -c -d
configure:2690: checking for gawk
configure:2720: result: no
configure:2690: checking for mawk
configure:2720: result: no
configure:2690: checking for nawk
configure:2720: result: no
configure:2690: checking for awk
configure:2706: found /usr/bin/awk
configure:2717: result: awk
configure:2728: checking whether make sets $(MAKE)
configure:2750: result: yes
configure:2831: checking whether to enable maintainer-specific portions of Makefiles
configure:2840: result: no
configure:2864: checking build system type
configure:2878: result: x86_64-apple-darwin13.1.0
configure:2898: checking host system type
configure:2911: result: i386-apple-darwin
configure:2935: autobuild project... libgpg-error
configure:2937: autobuild revision... 1.12
configure:2941: autobuild hostname... nullpointer
configure:2950: autobuild timestamp... 20140521-191641
configure:2964: checking for i386-apple-darwin-gcc
configure:2994: result: no
configure:3004: checking for gcc
configure:3020: found /usr/bin/gcc
configure:3031: result: gcc
configure:3260: checking for C compiler version
configure:3269: gcc --version >&5
Apple LLVM version 5.1 (clang-503.0.40) (based on LLVM 3.4svn)
Target: x86_64-apple-darwin13.1.0
Thread model: posix
Configured with: --prefix=/Applications/Xcode.app/Contents/Developer/usr --with-gxx-include-dir=/usr/include/c++/4.2.1
configure:3280: $? = 0
configure:3269: gcc -v >&5
Configured with: --prefix=/Applications/Xcode.app/Contents/Developer/usr --with-gxx-include-dir=/usr/include/c++/4.2.1
Apple LLVM version 5.1 (clang-503.0.40) (based on LLVM 3.4svn)
Target: x86_64-apple-darwin13.1.0
Thread model: posix
configure:3280: $? = 0
configure:3269: gcc -V >&5
clang: error: argument to '-V' is missing (expected 1 value)
clang: error: no input files
configure:3280: $? = 1
configure:3269: gcc -qversion >&5
clang: error: unknown argument: '-qversion' [-Wunused-command-line-argument-hard-error-in-future]
clang: note: this will be a hard error (cannot be downgraded to a warning) in the future
clang: error: no input files
configure:3280: $? = 1
configure:3300: checking whether the C compiler works
configure:3322: gcc  -Ofast -flto -g -arch i386 -fPIE -miphoneos-version-min=6.0 -I/Users/nullpointer/code/OTRKit/dependencies/include -isysroot /Applications/Xcode.app/Contents/Developer/Platforms/iPhoneSimulator.platform/Developer/SDKs/iPhoneSimulator7.0.sdk   -flto -arch i386 -fPIE -miphoneos-version-min=6.0 -L/Users/nullpointer/code/OTRKit/dependencies/lib conftest.c  >&5
clang: warning: no such sysroot directory: '/Applications/Xcode.app/Contents/Developer/Platforms/iPhoneSimulator.platform/Developer/SDKs/iPhoneSimulator7.0.sdk'
ld: library not found for -lcrt1.o
clang: error: linker command failed with exit code 1 (use -v to see invocation)
configure:3326: $? = 1
configure:3364: result: no
configure: failed program was:
| /* confdefs.h */
| #define PACKAGE_NAME "libgpg-error"
| #define PACKAGE_TARNAME "libgpg-error"
| #define PACKAGE_VERSION "1.12"
| #define PACKAGE_STRING "libgpg-error 1.12"
| #define PACKAGE_BUGREPORT "http://bugs.gnupg.org"
| #define PACKAGE_URL ""
| #define PACKAGE "libgpg-error"
| #define VERSION "1.12"
| /* end confdefs.h.  */
| 
| int
| main ()
| {
| 
|   ;
|   return 0;
| }
configure:3369: error: in `/Users/nullpointer/code/OTRKit/build/src/libgpg-error-1.12':
configure:3371: error: C compiler cannot create executables
See `config.log' for more details

## ---------------- ##
## Cache variables. ##
## ---------------- ##

ac_cv_build=x86_64-apple-darwin13.1.0
ac_cv_env_CC_FOR_BUILD_set=
ac_cv_env_CC_FOR_BUILD_value=
ac_cv_env_CC_set=
ac_cv_env_CC_value=
ac_cv_env_CFLAGS_set=set
ac_cv_env_CFLAGS_value=' -Ofast -flto -g -arch i386 -fPIE -miphoneos-version-min=6.0 -I/Users/nullpointer/code/OTRKit/dependencies/include -isysroot /Applications/Xcode.app/Contents/Developer/Platforms/iPhoneSimulator.platform/Developer/SDKs/iPhoneSimulator7.0.sdk'
ac_cv_env_CPPFLAGS_set=
ac_cv_env_CPPFLAGS_value=
ac_cv_env_CPP_set=
ac_cv_env_CPP_value=
ac_cv_env_LDFLAGS_set=set
ac_cv_env_LDFLAGS_value=' -flto -arch i386 -fPIE -miphoneos-version-min=6.0 -L/Users/nullpointer/code/OTRKit/dependencies/lib'
ac_cv_env_LIBS_set=
ac_cv_env_LIBS_value=
ac_cv_env_build_alias_set=
ac_cv_env_build_alias_value=
ac_cv_env_host_alias_set=set
ac_cv_env_host_alias_value=i386-apple-darwin
ac_cv_env_target_alias_set=
ac_cv_env_target_alias_value=
ac_cv_host=i386-apple-darwin
ac_cv_path_install='/usr/bin/install -c'
ac_cv_prog_AWK=awk
ac_cv_prog_ac_ct_CC=gcc
ac_cv_prog_ac_ct_STRIP=strip
ac_cv_prog_make_make_set=yes

## ----------------- ##
## Output variables. ##
## ----------------- ##

ACLOCAL='${SHELL} /Users/nullpointer/code/OTRKit/build/src/libgpg-error-1.12/missing --run aclocal-1.11'
AMDEPBACKSLASH=''
AMDEP_FALSE=''
AMDEP_TRUE=''
AMTAR='$${TAR-tar}'
AR=''
AS=''
AUTOCONF='${SHELL} /Users/nullpointer/code/OTRKit/build/src/libgpg-error-1.12/missing --run autoconf'
AUTOHEADER='${SHELL} /Users/nullpointer/code/OTRKit/build/src/libgpg-error-1.12/missing --run autoheader'
AUTOMAKE='${SHELL} /Users/nullpointer/code/OTRKit/build/src/libgpg-error-1.12/missing --run automake-1.11'
AWK='awk'
BUILD_FILEVERSION=''
BUILD_REVISION=''
BUILD_TIMESTAMP=''
CC='gcc'
CCDEPMODE=''
CC_FOR_BUILD=''
CFLAGS=' -Ofast -flto -g -arch i386 -fPIE -miphoneos-version-min=6.0 -I/Users/nullpointer/code/OTRKit/dependencies/include -isysroot /Applications/Xcode.app/Contents/Developer/Platforms/iPhoneSimulator.platform/Developer/SDKs/iPhoneSimulator7.0.sdk'
CPP=''
CPPFLAGS=''
CYGPATH_W='echo'
DEFS=''
DEPDIR=''
DLLTOOL=''
DSYMUTIL=''
DUMPBIN=''
ECHO_C='\c'
ECHO_N=''
ECHO_T=''
EGREP=''
EXEEXT=''
FGREP=''
GETTEXT_MACRO_VERSION=''
GMSGFMT=''
GMSGFMT_015=''
GPG_ERROR_CONFIG_CFLAGS=''
GPG_ERROR_CONFIG_HOST=''
GPG_ERROR_CONFIG_ISUBDIRAFTER=''
GPG_ERROR_CONFIG_LIBS=''
GREP=''
HAVE_W32CE_SYSTEM_FALSE=''
HAVE_W32CE_SYSTEM_TRUE=''
HAVE_W32_SYSTEM_FALSE=''
HAVE_W32_SYSTEM_TRUE=''
HAVE_W64_SYSTEM_FALSE=''
HAVE_W64_SYSTEM_TRUE=''
INSTALL_DATA='${INSTALL} -m 644'
INSTALL_PROGRAM='${INSTALL}'
INSTALL_SCRIPT='${INSTALL}'
INSTALL_STRIP_PROGRAM='$(install_sh) -c -s'
INTLLIBS=''
INTL_MACOSX_LIBS=''
LANGUAGES_SOME_FALSE=''
LANGUAGES_SOME_TRUE=''
LD=''
LDFLAGS=' -flto -arch i386 -fPIE -miphoneos-version-min=6.0 -L/Users/nullpointer/code/OTRKit/dependencies/lib'
LIBGPG_ERROR_LT_AGE='10'
LIBGPG_ERROR_LT_CURRENT='10'
LIBGPG_ERROR_LT_REVISION='0'
LIBICONV=''
LIBINTL=''
LIBOBJS=''
LIBS=''
LIBTOOL=''
LIPO=''
LN_S=''
LTLIBICONV=''
LTLIBINTL=''
LTLIBOBJS=''
MAINT='#'
MAINTAINER_MODE_FALSE=''
MAINTAINER_MODE_TRUE='#'
MAKEINFO='${SHELL} /Users/nullpointer/code/OTRKit/build/src/libgpg-error-1.12/missing --run makeinfo'
MANIFEST_TOOL=''
MKDIR_P='./install-sh -c -d'
MSGFMT=''
MSGFMT_015=''
MSGMERGE=''
NM=''
NMEDIT=''
OBJDUMP=''
OBJEXT=''
OTOOL64=''
OTOOL=''
PACKAGE='libgpg-error'
PACKAGE_BUGREPORT='http://bugs.gnupg.org'
PACKAGE_NAME='libgpg-error'
PACKAGE_STRING='libgpg-error 1.12'
PACKAGE_TARNAME='libgpg-error'
PACKAGE_URL=''
PACKAGE_VERSION='1.12'
PATH_SEPARATOR=':'
POSUB=''
RANLIB=''
RC=''
SED=''
SET_MAKE=''
SHELL='/bin/sh'
STRIP='strip'
USE_NLS=''
VERSION='1.12'
VERSION_NUMBER='0x010c00'
XGETTEXT=''
XGETTEXT_015=''
XGETTEXT_EXTRA_OPTIONS=''
ac_ct_AR=''
ac_ct_CC='gcc'
ac_ct_DUMPBIN=''
am__EXEEXT_FALSE=''
am__EXEEXT_TRUE=''
am__fastdepCC_FALSE=''
am__fastdepCC_TRUE=''
am__include=''
am__isrc=''
am__leading_dot='.'
am__nodep=''
am__quote=''
am__tar='$${TAR-tar} chof - "$$tardir"'
am__untar='$${TAR-tar} xf -'
bindir='${exec_prefix}/bin'
build='x86_64-apple-darwin13.1.0'
build_alias=''
build_cpu='x86_64'
build_os='darwin13.1.0'
build_vendor='apple'
datadir='${datarootdir}'
datarootdir='${prefix}/share'
docdir='${datarootdir}/doc/${PACKAGE_TARNAME}'
dvidir='${docdir}'
exec_prefix='NONE'
host='i386-apple-darwin'
host_alias='i386-apple-darwin'
host_cpu='i386'
host_os='darwin'
host_vendor='apple'
htmldir='${docdir}'
includedir='${prefix}/include'
infodir='${datarootdir}/info'
install_sh='${SHELL} /Users/nullpointer/code/OTRKit/build/src/libgpg-error-1.12/install-sh'
libdir='${exec_prefix}/lib'
libexecdir='${exec_prefix}/libexec'
localedir='${datarootdir}/locale'
localstatedir='${prefix}/var'
mandir='${datarootdir}/man'
mkdir_p='$(top_builddir)/./install-sh -c -d'
oldincludedir='/usr/include'
pdfdir='${docdir}'
prefix='/Users/nullpointer/code/OTRKit/build/built/iPhoneSimulator7.0-i386.sdk'
program_transform_name='s,x,x,'
psdir='${docdir}'
sbindir='${exec_prefix}/sbin'
sharedstatedir='${prefix}/com'
sysconfdir='${prefix}/etc'
target_alias=''

## ----------- ##
## confdefs.h. ##
## ----------- ##

/* confdefs.h */
#define PACKAGE_NAME "libgpg-error"
#define PACKAGE_TARNAME "libgpg-error"
#define PACKAGE_VERSION "1.12"
#define PACKAGE_STRING "libgpg-error 1.12"
#define PACKAGE_BUGREPORT "http://bugs.gnupg.org"
#define PACKAGE_URL ""
#define PACKAGE "libgpg-error"
#define VERSION "1.12"

configure: exit 77
