This file contains any messages produced by compilers while
running configure, to aid debugging if configure makes a mistake.

It was created by libgcrypt configure 1.5.3, which was
generated by GNU Autoconf 2.69.  Invocation command line was

  $ ./configure --enable-threads=posix --disable-asm --disable-shared --enable-static --disable-neon-support --disable-aesni-support --disable-padlock-support --with-pic --with-gpg-error-prefix=/Users/nullpointer/code/OTRKit/dependencies --host i386-apple-darwin --prefix=/Users/nullpointer/code/OTRKit/build/built/iPhoneSimulator7.0-i386.sdk --with-sysroot=/Applications/Xcode.app/Contents/Developer/Platforms/iPhoneSimulator.platform/Developer/SDKs/iPhoneSimulator7.0.sdk LDFLAGS= -flto -fPIE -arch i386 -L/Users/nullpointer/code/OTRKit/dependencies/lib CFLAGS= -g -DNO_ASM -Ofast -flto -arch i386 -fPIE -miphoneos-version-min=6.0 -I/Users/nullpointer/code/OTRKit/dependencies/include -isysroot /Applications/Xcode.app/Contents/Developer/Platforms/iPhoneSimulator.platform/Developer/SDKs/iPhoneSimulator7.0.sdk

## --------- ##
## Platform. ##
## --------- ##

hostname = nullpointer
uname -m = x86_64
uname -r = 13.1.0
uname -s = Darwin
uname -v = Darwin Kernel Version 13.1.0: Thu Jan 16 19:40:37 PST 2014; root:xnu-2422.90.20~2/RELEASE_X86_64

/usr/bin/uname -p = i386
/bin/uname -X     = unknown

/bin/arch              = unknown
/usr/bin/arch -k       = unknown
/usr/convex/getsysinfo = unknown
/usr/bin/hostinfo      = Mach kernel version:
	 Darwin Kernel Version 13.1.0: Thu Jan 16 19:40:37 PST 2014; root:xnu-2422.90.20~2/RELEASE_X86_64
Kernel configured for up to 4 processors.
2 processors are physically available.
4 processors are logically available.
Processor type: i486 (Intel 80486)
Processors active: 0 1 2 3
Primary memory available: 4.00 gigabytes
Default processor set: 188 tasks, 937 threads, 4 processors
Load average: 2.34, Mach factor: 1.96
/bin/machine           = unknown
/usr/bin/oslevel       = unknown
/bin/universe          = unknown

PATH: /usr/local/bin
PATH: /usr/bin
PATH: /bin
PATH: /usr/sbin
PATH: /sbin
PATH: /usr/local/bin


## ----------- ##
## Core tests. ##
## ----------- ##

configure:2702: checking for a BSD-compatible install
configure:2770: result: /usr/bin/install -c
configure:2781: checking whether build environment is sane
configure:2831: result: yes
configure:2880: checking for i386-apple-darwin-strip
configure:2910: result: no
configure:2920: checking for strip
configure:2936: found /usr/bin/strip
configure:2947: result: strip
configure:2972: checking for a thread-safe mkdir -p
configure:3011: result: ./install-sh -c -d
configure:3024: checking for gawk
configure:3054: result: no
configure:3024: checking for mawk
configure:3054: result: no
configure:3024: checking for nawk
configure:3054: result: no
configure:3024: checking for awk
configure:3040: found /usr/bin/awk
configure:3051: result: awk
configure:3062: checking whether make sets $(MAKE)
configure:3084: result: yes
configure:3172: checking build system type
configure:3186: result: x86_64-apple-darwin13.1.0
configure:3206: checking host system type
configure:3219: result: i386-apple-darwin
configure:3240: checking whether to enable maintainer-specific portions of Makefiles
configure:3249: result: no
configure:3293: checking whether make sets $(MAKE)
configure:3315: result: yes
configure:3346: checking for i386-apple-darwin-gcc
configure:3376: result: no
configure:3386: checking for gcc
configure:3402: found /usr/bin/gcc
configure:3413: result: gcc
configure:3642: checking for C compiler version
configure:3651: gcc --version >&5
Apple LLVM version 5.1 (clang-503.0.40) (based on LLVM 3.4svn)
Target: x86_64-apple-darwin13.1.0
Thread model: posix
Configured with: --prefix=/Applications/Xcode.app/Contents/Developer/usr --with-gxx-include-dir=/usr/include/c++/4.2.1
configure:3662: $? = 0
configure:3651: gcc -v >&5
Configured with: --prefix=/Applications/Xcode.app/Contents/Developer/usr --with-gxx-include-dir=/usr/include/c++/4.2.1
Apple LLVM version 5.1 (clang-503.0.40) (based on LLVM 3.4svn)
Target: x86_64-apple-darwin13.1.0
Thread model: posix
configure:3662: $? = 0
configure:3651: gcc -V >&5
clang: error: argument to '-V' is missing (expected 1 value)
clang: error: no input files
configure:3662: $? = 1
configure:3651: gcc -qversion >&5
clang: error: unknown argument: '-qversion' [-Wunused-command-line-argument-hard-error-in-future]
clang: note: this will be a hard error (cannot be downgraded to a warning) in the future
clang: error: no input files
configure:3662: $? = 1
configure:3682: checking whether the C compiler works
configure:3704: gcc  -g -DNO_ASM -Ofast -flto -arch i386 -fPIE -miphoneos-version-min=6.0 -I/Users/nullpointer/code/OTRKit/dependencies/include -isysroot /Applications/Xcode.app/Contents/Developer/Platforms/iPhoneSimulator.platform/Developer/SDKs/iPhoneSimulator7.0.sdk   -flto -fPIE -arch i386 -L/Users/nullpointer/code/OTRKit/dependencies/lib conftest.c  >&5
clang: warning: no such sysroot directory: '/Applications/Xcode.app/Contents/Developer/Platforms/iPhoneSimulator.platform/Developer/SDKs/iPhoneSimulator7.0.sdk'
ld: library not found for -lcrt1.o
clang: error: linker command failed with exit code 1 (use -v to see invocation)
configure:3708: $? = 1
configure:3746: result: no
configure: failed program was:
| /* confdefs.h */
| #define PACKAGE_NAME "libgcrypt"
| #define PACKAGE_TARNAME "libgcrypt"
| #define PACKAGE_VERSION "1.5.3"
| #define PACKAGE_STRING "libgcrypt 1.5.3"
| #define PACKAGE_BUGREPORT "http://bugs.gnupg.org"
| #define PACKAGE_URL ""
| #define PACKAGE "libgcrypt"
| #define VERSION "1.5.3"
| #define PACKAGE "libgcrypt"
| #define VERSION "1.5.3"
| /* end confdefs.h.  */
| 
| int
| main ()
| {
| 
|   ;
|   return 0;
| }
configure:3751: error: in `/Users/nullpointer/code/OTRKit/build/src/libgcrypt-1.5.3':
configure:3753: error: C compiler cannot create executables
See `config.log' for more details

## ---------------- ##
## Cache variables. ##
## ---------------- ##

ac_cv_build=x86_64-apple-darwin13.1.0
ac_cv_env_CCASFLAGS_set=
ac_cv_env_CCASFLAGS_value=
ac_cv_env_CCAS_set=
ac_cv_env_CCAS_value=
ac_cv_env_CC_set=
ac_cv_env_CC_value=
ac_cv_env_CFLAGS_set=set
ac_cv_env_CFLAGS_value=' -g -DNO_ASM -Ofast -flto -arch i386 -fPIE -miphoneos-version-min=6.0 -I/Users/nullpointer/code/OTRKit/dependencies/include -isysroot /Applications/Xcode.app/Contents/Developer/Platforms/iPhoneSimulator.platform/Developer/SDKs/iPhoneSimulator7.0.sdk'
ac_cv_env_CPPFLAGS_set=
ac_cv_env_CPPFLAGS_value=
ac_cv_env_CPP_set=
ac_cv_env_CPP_value=
ac_cv_env_LDFLAGS_set=set
ac_cv_env_LDFLAGS_value=' -flto -fPIE -arch i386 -L/Users/nullpointer/code/OTRKit/dependencies/lib'
ac_cv_env_LIBS_set=
ac_cv_env_LIBS_value=
ac_cv_env_build_alias_set=
ac_cv_env_build_alias_value=
ac_cv_env_host_alias_set=set
ac_cv_env_host_alias_value=i386-apple-darwin
ac_cv_env_target_alias_set=
ac_cv_env_target_alias_value=
ac_cv_host=i386-apple-darwin
ac_cv_path_install='/usr/bin/install -c'
ac_cv_prog_AWK=awk
ac_cv_prog_ac_ct_CC=gcc
ac_cv_prog_ac_ct_STRIP=strip
ac_cv_prog_make_make_set=yes

## ----------------- ##
## Output variables. ##
## ----------------- ##

ACLOCAL='${SHELL} /Users/nullpointer/code/OTRKit/build/src/libgcrypt-1.5.3/missing --run aclocal-1.11'
AMDEPBACKSLASH=''
AMDEP_FALSE=''
AMDEP_TRUE=''
AMTAR='$${TAR-tar}'
AR=''
AS=''
AUTOCONF='${SHELL} /Users/nullpointer/code/OTRKit/build/src/libgcrypt-1.5.3/missing --run autoconf'
AUTOHEADER='${SHELL} /Users/nullpointer/code/OTRKit/build/src/libgcrypt-1.5.3/missing --run autoheader'
AUTOMAKE='${SHELL} /Users/nullpointer/code/OTRKit/build/src/libgcrypt-1.5.3/missing --run automake-1.11'
AWK='awk'
BUILD_FILEVERSION=''
BUILD_REVISION=''
BUILD_TIMESTAMP=''
CC='gcc'
CCAS=''
CCASDEPMODE=''
CCASFLAGS=''
CCDEPMODE=''
CFLAGS=' -g -DNO_ASM -Ofast -flto -arch i386 -fPIE -miphoneos-version-min=6.0 -I/Users/nullpointer/code/OTRKit/dependencies/include -isysroot /Applications/Xcode.app/Contents/Developer/Platforms/iPhoneSimulator.platform/Developer/SDKs/iPhoneSimulator7.0.sdk'
CPP=''
CPPFLAGS=''
CROSS_COMPILING_FALSE=''
CROSS_COMPILING_TRUE=''
CYGPATH_W='echo'
DEFS=''
DEPDIR=''
DLLTOOL=''
DL_LIBS=''
DSYMUTIL=''
DUMPBIN=''
ECHO_C='\c'
ECHO_N=''
ECHO_T=''
EGREP=''
ENABLE_O_FLAG_MUNGING_FALSE=''
ENABLE_O_FLAG_MUNGING_TRUE=''
EXEEXT=''
FALLBACK_SOCKLEN_T=''
FGREP=''
GCRYPT_CIPHERS=''
GCRYPT_DIGESTS=''
GCRYPT_PUBKEY_CIPHERS=''
GCRYPT_RANDOM=''
GPG_ERROR_CFLAGS=''
GPG_ERROR_CONFIG=''
GPG_ERROR_LIBS=''
GREP=''
HAVE_LD_VERSION_SCRIPT_FALSE=''
HAVE_LD_VERSION_SCRIPT_TRUE=''
HAVE_W32CE_SYSTEM_FALSE=''
HAVE_W32CE_SYSTEM_TRUE=''
HAVE_W32_SYSTEM_FALSE=''
HAVE_W32_SYSTEM_TRUE=''
INSERT_SYS_SELECT_H=''
INSTALL_DATA='${INSTALL} -m 644'
INSTALL_PROGRAM='${INSTALL}'
INSTALL_SCRIPT='${INSTALL}'
INSTALL_STRIP_PROGRAM='$(install_sh) -c -s'
LD=''
LDFLAGS=' -flto -fPIE -arch i386 -L/Users/nullpointer/code/OTRKit/dependencies/lib'
LIBGCRYPT_CIPHERS=''
LIBGCRYPT_CONFIG_API_VERSION='1'
LIBGCRYPT_CONFIG_CFLAGS=''
LIBGCRYPT_CONFIG_HOST=''
LIBGCRYPT_CONFIG_LIBS=''
LIBGCRYPT_DIGESTS=''
LIBGCRYPT_LT_AGE='8'
LIBGCRYPT_LT_CURRENT='19'
LIBGCRYPT_LT_REVISION='2'
LIBGCRYPT_PUBKEY_CIPHERS=''
LIBGCRYPT_THREAD_MODULES=''
LIBOBJS=''
LIBS=''
LIBTOOL=''
LIPO=''
LN_S=''
LTLIBOBJS=''
MAINT='#'
MAINTAINER_MODE_FALSE=''
MAINTAINER_MODE_TRUE='#'
MAKEINFO='${SHELL} /Users/nullpointer/code/OTRKit/build/src/libgcrypt-1.5.3/missing --run makeinfo'
MANIFEST_TOOL=''
MKDIR_P='./install-sh -c -d'
MPI_MOD_ASM_MPIH_ADD1_FALSE=''
MPI_MOD_ASM_MPIH_ADD1_TRUE=''
MPI_MOD_ASM_MPIH_LSHIFT_FALSE=''
MPI_MOD_ASM_MPIH_LSHIFT_TRUE=''
MPI_MOD_ASM_MPIH_MUL1_FALSE=''
MPI_MOD_ASM_MPIH_MUL1_TRUE=''
MPI_MOD_ASM_MPIH_MUL2_FALSE=''
MPI_MOD_ASM_MPIH_MUL2_TRUE=''
MPI_MOD_ASM_MPIH_MUL3_FALSE=''
MPI_MOD_ASM_MPIH_MUL3_TRUE=''
MPI_MOD_ASM_MPIH_RSHIFT_FALSE=''
MPI_MOD_ASM_MPIH_RSHIFT_TRUE=''
MPI_MOD_ASM_MPIH_SUB1_FALSE=''
MPI_MOD_ASM_MPIH_SUB1_TRUE=''
MPI_MOD_ASM_UDIV_FALSE=''
MPI_MOD_ASM_UDIV_QRNND_FALSE=''
MPI_MOD_ASM_UDIV_QRNND_TRUE=''
MPI_MOD_ASM_UDIV_TRUE=''
MPI_MOD_C_MPIH_ADD1_FALSE=''
MPI_MOD_C_MPIH_ADD1_TRUE=''
MPI_MOD_C_MPIH_LSHIFT_FALSE=''
MPI_MOD_C_MPIH_LSHIFT_TRUE=''
MPI_MOD_C_MPIH_MUL1_FALSE=''
MPI_MOD_C_MPIH_MUL1_TRUE=''
MPI_MOD_C_MPIH_MUL2_FALSE=''
MPI_MOD_C_MPIH_MUL2_TRUE=''
MPI_MOD_C_MPIH_MUL3_FALSE=''
MPI_MOD_C_MPIH_MUL3_TRUE=''
MPI_MOD_C_MPIH_RSHIFT_FALSE=''
MPI_MOD_C_MPIH_RSHIFT_TRUE=''
MPI_MOD_C_MPIH_SUB1_FALSE=''
MPI_MOD_C_MPIH_SUB1_TRUE=''
MPI_MOD_C_UDIV_FALSE=''
MPI_MOD_C_UDIV_QRNND_FALSE=''
MPI_MOD_C_UDIV_QRNND_TRUE=''
MPI_MOD_C_UDIV_TRUE=''
MPI_SFLAGS=''
NM=''
NMEDIT=''
NOEXECSTACK_FLAGS=''
OBJDUMP=''
OBJEXT=''
OTOOL64=''
OTOOL=''
PACKAGE='libgcrypt'
PACKAGE_BUGREPORT='http://bugs.gnupg.org'
PACKAGE_NAME='libgcrypt'
PACKAGE_STRING='libgcrypt 1.5.3'
PACKAGE_TARNAME='libgcrypt'
PACKAGE_URL=''
PACKAGE_VERSION='1.5.3'
PATH_SEPARATOR=':'
PTH_CFLAGS=''
PTH_CONFIG=''
PTH_LIBS=''
RANLIB=''
RC=''
SED=''
SET_MAKE=''
SHELL='/bin/sh'
STRIP='strip'
SYS_SOCKET_H=''
USE_RANDOM_DAEMON_FALSE=''
USE_RANDOM_DAEMON_TRUE=''
VERSION='1.5.3'
VERSION_NUMBER='0x010503'
ac_ct_AR=''
ac_ct_CC='gcc'
ac_ct_DUMPBIN=''
am__EXEEXT_FALSE=''
am__EXEEXT_TRUE=''
am__fastdepCCAS_FALSE=''
am__fastdepCCAS_TRUE=''
am__fastdepCC_FALSE=''
am__fastdepCC_TRUE=''
am__include=''
am__isrc=''
am__leading_dot='.'
am__nodep=''
am__quote=''
am__tar='$${TAR-tar} chof - "$$tardir"'
am__untar='$${TAR-tar} xf -'
bindir='${exec_prefix}/bin'
build='x86_64-apple-darwin13.1.0'
build_alias=''
build_cpu='x86_64'
build_os='darwin13.1.0'
build_vendor='apple'
datadir='${datarootdir}'
datarootdir='${prefix}/share'
docdir='${datarootdir}/doc/${PACKAGE_TARNAME}'
dvidir='${docdir}'
emacs_local_vars_begin=''
emacs_local_vars_end=''
emacs_local_vars_read_only=''
exec_prefix='NONE'
host='i386-apple-darwin'
host_alias='i386-apple-darwin'
host_cpu='i386'
host_os='darwin'
host_vendor='apple'
htmldir='${docdir}'
includedir='${prefix}/include'
infodir='${datarootdir}/info'
install_sh='${SHELL} /Users/nullpointer/code/OTRKit/build/src/libgcrypt-1.5.3/install-sh'
libdir='${exec_prefix}/lib'
libexecdir='${exec_prefix}/libexec'
localedir='${datarootdir}/locale'
localstatedir='${prefix}/var'
mandir='${datarootdir}/man'
mkdir_p='$(top_builddir)/./install-sh -c -d'
oldincludedir='/usr/include'
pdfdir='${docdir}'
prefix='/Users/nullpointer/code/OTRKit/build/built/iPhoneSimulator7.0-i386.sdk'
program_transform_name='s,x,x,'
psdir='${docdir}'
sbindir='${exec_prefix}/sbin'
sharedstatedir='${prefix}/com'
sysconfdir='${prefix}/etc'
target_alias=''

## ----------- ##
## confdefs.h. ##
## ----------- ##

/* confdefs.h */
#define PACKAGE_NAME "libgcrypt"
#define PACKAGE_TARNAME "libgcrypt"
#define PACKAGE_VERSION "1.5.3"
#define PACKAGE_STRING "libgcrypt 1.5.3"
#define PACKAGE_BUGREPORT "http://bugs.gnupg.org"
#define PACKAGE_URL ""
#define PACKAGE "libgcrypt"
#define VERSION "1.5.3"
#define PACKAGE "libgcrypt"
#define VERSION "1.5.3"

configure: exit 77
