This file contains any messages produced by compilers while
running configure, to aid debugging if configure makes a mistake.

It was created by configure, which was
generated by GNU Autoconf 2.65.  Invocation command line was

  $ ./configure --disable-shared --enable-static --with-pic --with-libgcrypt-prefix=/Users/nullpointer/code/OTRKit/dependencies --host i386-apple-darwin --prefix=/Users/nullpointer/code/OTRKit/build/built/iPhoneSimulator7.0-i386.sdk LDFLAGS= -flto -arch i386 -fPIE -miphoneos-version-min=6.0 -L/Users/nullpointer/code/OTRKit/dependencies/lib CFLAGS= -Ofast -flto -g -arch i386 -fPIE -miphoneos-version-min=6.0 -I/Users/nullpointer/code/OTRKit/dependencies/include -isysroot /Applications/Xcode.app/Contents/Developer/Platforms/iPhoneSimulator.platform/Developer/SDKs/iPhoneSimulator7.0.sdk

## --------- ##
## Platform. ##
## --------- ##

hostname = nullpointer
uname -m = x86_64
uname -r = 13.1.0
uname -s = Darwin
uname -v = Darwin Kernel Version 13.1.0: Thu Jan 16 19:40:37 PST 2014; root:xnu-2422.90.20~2/RELEASE_X86_64

/usr/bin/uname -p = i386
/bin/uname -X     = unknown

/bin/arch              = unknown
/usr/bin/arch -k       = unknown
/usr/convex/getsysinfo = unknown
/usr/bin/hostinfo      = Mach kernel version:
	 Darwin Kernel Version 13.1.0: Thu Jan 16 19:40:37 PST 2014; root:xnu-2422.90.20~2/RELEASE_X86_64
Kernel configured for up to 4 processors.
2 processors are physically available.
4 processors are logically available.
Processor type: i486 (Intel 80486)
Processors active: 0 1 2 3
Primary memory available: 4.00 gigabytes
Default processor set: 188 tasks, 930 threads, 4 processors
Load average: 2.10, Mach factor: 1.91
/bin/machine           = unknown
/usr/bin/oslevel       = unknown
/bin/universe          = unknown

PATH: /usr/local/bin
PATH: /usr/bin
PATH: /bin
PATH: /usr/sbin
PATH: /sbin
PATH: /usr/local/bin


## ----------- ##
## Core tests. ##
## ----------- ##

configure:2263: checking for a BSD-compatible install
configure:2331: result: /usr/bin/install -c
configure:2342: checking whether build environment is sane
configure:2392: result: yes
configure:2441: checking for i386-apple-darwin-strip
configure:2471: result: no
configure:2481: checking for strip
configure:2497: found /usr/bin/strip
configure:2508: result: strip
configure:2533: checking for a thread-safe mkdir -p
configure:2572: result: ./install-sh -c -d
configure:2585: checking for gawk
configure:2615: result: no
configure:2585: checking for mawk
configure:2615: result: no
configure:2585: checking for nawk
configure:2615: result: no
configure:2585: checking for awk
configure:2601: found /usr/bin/awk
configure:2612: result: awk
configure:2623: checking whether make sets $(MAKE)
configure:2645: result: yes
configure:2737: checking for i386-apple-darwin-gcc
configure:2767: result: no
configure:2777: checking for gcc
configure:2793: found /usr/bin/gcc
configure:2804: result: gcc
configure:3033: checking for C compiler version
configure:3042: gcc --version >&5
Apple LLVM version 5.1 (clang-503.0.40) (based on LLVM 3.4svn)
Target: x86_64-apple-darwin13.1.0
Thread model: posix
Configured with: --prefix=/Applications/Xcode.app/Contents/Developer/usr --with-gxx-include-dir=/usr/include/c++/4.2.1
configure:3053: $? = 0
configure:3042: gcc -v >&5
Configured with: --prefix=/Applications/Xcode.app/Contents/Developer/usr --with-gxx-include-dir=/usr/include/c++/4.2.1
Apple LLVM version 5.1 (clang-503.0.40) (based on LLVM 3.4svn)
Target: x86_64-apple-darwin13.1.0
Thread model: posix
configure:3053: $? = 0
configure:3042: gcc -V >&5
clang: error: argument to '-V' is missing (expected 1 value)
clang: error: no input files
configure:3053: $? = 1
configure:3042: gcc -qversion >&5
clang: error: unknown argument: '-qversion' [-Wunused-command-line-argument-hard-error-in-future]
clang: note: this will be a hard error (cannot be downgraded to a warning) in the future
clang: error: no input files
configure:3053: $? = 1
configure:3073: checking whether the C compiler works
configure:3095: gcc  -Ofast -flto -g -arch i386 -fPIE -miphoneos-version-min=6.0 -I/Users/nullpointer/code/OTRKit/dependencies/include -isysroot /Applications/Xcode.app/Contents/Developer/Platforms/iPhoneSimulator.platform/Developer/SDKs/iPhoneSimulator7.0.sdk   -flto -arch i386 -fPIE -miphoneos-version-min=6.0 -L/Users/nullpointer/code/OTRKit/dependencies/lib conftest.c  >&5
clang: warning: no such sysroot directory: '/Applications/Xcode.app/Contents/Developer/Platforms/iPhoneSimulator.platform/Developer/SDKs/iPhoneSimulator7.0.sdk'
ld: library not found for -lcrt1.o
clang: error: linker command failed with exit code 1 (use -v to see invocation)
configure:3099: $? = 1
configure:3137: result: no
configure: failed program was:
| /* confdefs.h */
| #define PACKAGE_NAME ""
| #define PACKAGE_TARNAME ""
| #define PACKAGE_VERSION ""
| #define PACKAGE_STRING ""
| #define PACKAGE_BUGREPORT ""
| #define PACKAGE_URL ""
| #define PACKAGE "libotr"
| #define VERSION "4.0.0"
| /* end confdefs.h.  */
| 
| int
| main ()
| {
| 
|   ;
|   return 0;
| }
configure:3142: error: in `/Users/nullpointer/code/OTRKit/build/src/libotr-4.0.0':
configure:3146: error: C compiler cannot create executables
See `config.log' for more details.

## ---------------- ##
## Cache variables. ##
## ---------------- ##

ac_cv_env_CC_set=
ac_cv_env_CC_value=
ac_cv_env_CFLAGS_set=set
ac_cv_env_CFLAGS_value=' -Ofast -flto -g -arch i386 -fPIE -miphoneos-version-min=6.0 -I/Users/nullpointer/code/OTRKit/dependencies/include -isysroot /Applications/Xcode.app/Contents/Developer/Platforms/iPhoneSimulator.platform/Developer/SDKs/iPhoneSimulator7.0.sdk'
ac_cv_env_CPPFLAGS_set=
ac_cv_env_CPPFLAGS_value=
ac_cv_env_CPP_set=
ac_cv_env_CPP_value=
ac_cv_env_LDFLAGS_set=set
ac_cv_env_LDFLAGS_value=' -flto -arch i386 -fPIE -miphoneos-version-min=6.0 -L/Users/nullpointer/code/OTRKit/dependencies/lib'
ac_cv_env_LIBS_set=
ac_cv_env_LIBS_value=
ac_cv_env_build_alias_set=
ac_cv_env_build_alias_value=
ac_cv_env_host_alias_set=set
ac_cv_env_host_alias_value=i386-apple-darwin
ac_cv_env_target_alias_set=
ac_cv_env_target_alias_value=
ac_cv_path_install='/usr/bin/install -c'
ac_cv_prog_AWK=awk
ac_cv_prog_ac_ct_CC=gcc
ac_cv_prog_ac_ct_STRIP=strip
ac_cv_prog_make_make_set=yes

## ----------------- ##
## Output variables. ##
## ----------------- ##

ACLOCAL='${SHELL} /Users/nullpointer/code/OTRKit/build/src/libotr-4.0.0/missing --run aclocal-1.11'
AMDEPBACKSLASH=''
AMDEP_FALSE=''
AMDEP_TRUE=''
AMTAR='${SHELL} /Users/nullpointer/code/OTRKit/build/src/libotr-4.0.0/missing --run tar'
AR=''
AUTOCONF='${SHELL} /Users/nullpointer/code/OTRKit/build/src/libotr-4.0.0/missing --run autoconf'
AUTOHEADER='${SHELL} /Users/nullpointer/code/OTRKit/build/src/libotr-4.0.0/missing --run autoheader'
AUTOMAKE='${SHELL} /Users/nullpointer/code/OTRKit/build/src/libotr-4.0.0/missing --run automake-1.11'
AWK='awk'
BUILD_NT_SERVICES_FALSE=''
BUILD_NT_SERVICES_TRUE=''
CC='gcc'
CCDEPMODE=''
CFLAGS=' -Ofast -flto -g -arch i386 -fPIE -miphoneos-version-min=6.0 -I/Users/nullpointer/code/OTRKit/dependencies/include -isysroot /Applications/Xcode.app/Contents/Developer/Platforms/iPhoneSimulator.platform/Developer/SDKs/iPhoneSimulator7.0.sdk'
CPP=''
CPPFLAGS=''
CYGPATH_W='echo'
DEFS=''
DEPDIR=''
DSYMUTIL=''
DUMPBIN=''
ECHO_C='\c'
ECHO_N=''
ECHO_T=''
EGREP=''
EXEEXT=''
FGREP=''
GREP=''
INSTALL_DATA='${INSTALL} -m 644'
INSTALL_PROGRAM='${INSTALL}'
INSTALL_SCRIPT='${INSTALL}'
INSTALL_STRIP_PROGRAM='$(install_sh) -c -s'
LD=''
LDFLAGS=' -flto -arch i386 -fPIE -miphoneos-version-min=6.0 -L/Users/nullpointer/code/OTRKit/dependencies/lib'
LIBGCRYPT_CFLAGS=''
LIBGCRYPT_CONFIG=''
LIBGCRYPT_LIBS=''
LIBOBJS=''
LIBOTR_LIBTOOL_VERSION='5:0:0'
LIBS=''
LIBTOOL=''
LIPO=''
LN_S=''
LTLIBOBJS=''
MAKEINFO='${SHELL} /Users/nullpointer/code/OTRKit/build/src/libotr-4.0.0/missing --run makeinfo'
MKDIR_P='./install-sh -c -d'
NM=''
NMEDIT=''
OBJDUMP=''
OBJEXT=''
OTOOL64=''
OTOOL=''
PACKAGE='libotr'
PACKAGE_BUGREPORT=''
PACKAGE_NAME=''
PACKAGE_STRING=''
PACKAGE_TARNAME=''
PACKAGE_URL=''
PACKAGE_VERSION=''
PATH_SEPARATOR=':'
RANLIB=''
SED=''
SET_MAKE=''
SHELL='/bin/sh'
STRIP='strip'
VERSION='4.0.0'
ac_ct_CC='gcc'
ac_ct_DUMPBIN=''
am__EXEEXT_FALSE=''
am__EXEEXT_TRUE=''
am__fastdepCC_FALSE=''
am__fastdepCC_TRUE=''
am__include=''
am__isrc=''
am__leading_dot='.'
am__quote=''
am__tar='${AMTAR} chof - "$$tardir"'
am__untar='${AMTAR} xf -'
bindir='${exec_prefix}/bin'
build=''
build_alias=''
build_cpu=''
build_os=''
build_vendor=''
datadir='${datarootdir}'
datarootdir='${prefix}/share'
docdir='${datarootdir}/doc/${PACKAGE}'
dvidir='${docdir}'
exec_prefix='NONE'
host='i386-apple-darwin'
host_alias='i386-apple-darwin'
host_cpu=''
host_os=''
host_vendor=''
htmldir='${docdir}'
includedir='${prefix}/include'
infodir='${datarootdir}/info'
install_sh='${SHELL} /Users/nullpointer/code/OTRKit/build/src/libotr-4.0.0/install-sh'
libdir='${exec_prefix}/lib'
libexecdir='${exec_prefix}/libexec'
localedir='${datarootdir}/locale'
localstatedir='${prefix}/var'
lt_ECHO='/bin/echo'
mandir='${datarootdir}/man'
mkdir_p='$(top_builddir)/./install-sh -c -d'
oldincludedir='/usr/include'
pdfdir='${docdir}'
prefix='/Users/nullpointer/code/OTRKit/build/built/iPhoneSimulator7.0-i386.sdk'
program_transform_name='s,x,x,'
psdir='${docdir}'
sbindir='${exec_prefix}/sbin'
sharedstatedir='${prefix}/com'
sysconfdir='${prefix}/etc'
target_alias=''

## ----------- ##
## confdefs.h. ##
## ----------- ##

/* confdefs.h */
#define PACKAGE_NAME ""
#define PACKAGE_TARNAME ""
#define PACKAGE_VERSION ""
#define PACKAGE_STRING ""
#define PACKAGE_BUGREPORT ""
#define PACKAGE_URL ""
#define PACKAGE "libotr"
#define VERSION "4.0.0"

configure: exit 77
